[2022-11-28 11:03:14.939][D][LogManager.py(Init):10] LogManager Init function called !!!
[2022-11-28 11:03:15.086][I][AutoBaseFunction.py(wrapper):11] __main__ : setupUi 실행 시작
[2022-11-28 11:03:15.086][I][AutoBaseFunction.py(wrapper):12] Parameter : 
[2022-11-28 11:03:15.089][I][AutoBaseFunction.py(wrapper):11] __main__ : set_field_gridLayout 실행 시작
[2022-11-28 11:03:15.089][I][AutoBaseFunction.py(wrapper):12] Parameter : 
[2022-11-28 11:03:15.116][I][AutoBaseFunction.py(wrapper):16] __main__ : set_field_gridLayout 실행 종료
[2022-11-28 11:03:15.117][I][AutoBaseFunction.py(wrapper):11] __main__ : set_testList_hboxLayout 실행 시작
[2022-11-28 11:03:15.117][I][AutoBaseFunction.py(wrapper):12] Parameter : 
[2022-11-28 11:03:15.342][I][AutoBaseFunction.py(wrapper):16] __main__ : set_testList_hboxLayout 실행 종료
[2022-11-28 11:03:15.345][I][AutoBaseFunction.py(wrapper):16] __main__ : setupUi 실행 종료
[2022-11-28 11:03:17.221][I][AutoBaseFunction.py(wrapper):11] __main__ : show_setup_ExcelSetting 실행 시작
[2022-11-28 11:03:17.221][I][AutoBaseFunction.py(wrapper):12] Parameter : False
[2022-11-28 11:03:17.221][I][AutoBaseFunction.py(wrapper):11] SubWindow.Setup_ExcelSetting : setupUI_Excel_Setting 실행 시작
[2022-11-28 11:03:17.221][I][AutoBaseFunction.py(wrapper):12] Parameter : 
[2022-11-28 11:03:17.223][I][AutoBaseFunction.py(wrapper):11] SubWindow.Setup_ExcelSetting : tl_set_slot 실행 시작
[2022-11-28 11:03:17.223][I][AutoBaseFunction.py(wrapper):12] Parameter : 
[2022-11-28 11:03:17.223][I][AutoBaseFunction.py(wrapper):16] SubWindow.Setup_ExcelSetting : tl_set_slot 실행 종료
[2022-11-28 11:03:17.223][I][AutoBaseFunction.py(wrapper):11] SubWindow.Setup_ExcelSetting : tl_ini_set 실행 시작
[2022-11-28 11:03:17.223][I][AutoBaseFunction.py(wrapper):12] Parameter : 
[2022-11-28 11:03:17.224][I][AutoBaseFunction.py(wrapper):11] SubWindow.Setup_ExcelSetting : excel_ini_set 실행 시작
[2022-11-28 11:03:17.224][I][AutoBaseFunction.py(wrapper):12] Parameter : 
[2022-11-28 11:03:17.228][E][AutoBaseFunction.py(wrapper):19] Traceback (most recent call last):
  File "c:\python\3_7_9x64\lib\_collections_abc.py", line 854, in setdefault
    return self[key]
  File "c:\python\3_7_9x64\lib\configparser.py", line 1251, in __getitem__
    raise KeyError(key)
KeyError: '이미지 가로 크기'

During handling of the above exception, another exception occurred:

Traceback (most recent call last):
  File "d:\test\TestList_CSV\new-main2\Helper\AutoBaseFunction.py", line 15, in wrapper
    func(self, *args)
  File "d:\test\TestList_CSV\new-main2\SubWindow\Setup_ExcelSetting.py", line 107, in excel_ini_set
    self.sp.write_setup(table="Excel_Setting", count=None, val=start_settings[i], val2=start_settings_val[i])
  File "d:\test\TestList_CSV\new-main2\Settings\Setup.py", line 79, in write_setup
    self.config[table].setdefault(f'{val}', val2)
  File "c:\python\3_7_9x64\lib\_collections_abc.py", line 856, in setdefault
    self[key] = default
  File "c:\python\3_7_9x64\lib\configparser.py", line 1255, in __setitem__
    self._parser._validate_value_types(option=key, value=value)
  File "c:\python\3_7_9x64\lib\configparser.py", line 1182, in _validate_value_types
    raise TypeError("option values must be strings")
TypeError: option values must be strings

[2022-11-28 11:03:17.228][I][AutoBaseFunction.py(wrapper):16] SubWindow.Setup_ExcelSetting : tl_ini_set 실행 종료
[2022-11-28 11:03:17.228][I][AutoBaseFunction.py(wrapper):16] SubWindow.Setup_ExcelSetting : setupUI_Excel_Setting 실행 종료
[2022-11-28 11:03:17.238][I][MainWindow.py(show_setup_ExcelSetting):325] 엑셀 설정 팝업 열림
[2022-11-28 11:03:17.239][I][AutoBaseFunction.py(wrapper):16] __main__ : show_setup_ExcelSetting 실행 종료
[2022-11-28 11:03:19.363][I][AutoBaseFunction.py(wrapper):11] SubWindow.Setup_ExcelSetting : ok_Button_clicked 실행 시작
[2022-11-28 11:03:19.363][I][AutoBaseFunction.py(wrapper):12] Parameter : False
[2022-11-28 11:03:19.363][I][Setup_ExcelSetting.py(ok_Button_clicked):126] 엑셀 설정 팝업 확인 버튼 선택
[2022-11-28 11:03:20.511][I][AutoBaseFunction.py(wrapper):16] SubWindow.Setup_ExcelSetting : ok_Button_clicked 실행 종료
[2022-11-28 11:03:20.949][I][AutoBaseFunction.py(wrapper):11] SubWindow.Setup_ExcelSetting : reset_Button_clicked 실행 시작
[2022-11-28 11:03:20.949][I][AutoBaseFunction.py(wrapper):12] Parameter : False
[2022-11-28 11:03:20.949][I][Setup_ExcelSetting.py(reset_Button_clicked):112] 엑셀 설정 팝업 확인 버튼 선택
[2022-11-28 11:03:21.671][I][Setup_ExcelSetting.py(reset_Button_clicked):117] 엑셀 설정 초기화 선택
[2022-11-28 11:03:21.671][I][AutoBaseFunction.py(wrapper):16] SubWindow.Setup_ExcelSetting : reset_Button_clicked 실행 종료
[2022-11-28 11:03:23.379][I][AutoBaseFunction.py(wrapper):11] SubWindow.Setup_ExcelSetting : ok_Button_clicked 실행 시작
[2022-11-28 11:03:23.379][I][AutoBaseFunction.py(wrapper):12] Parameter : False
[2022-11-28 11:03:23.379][I][Setup_ExcelSetting.py(ok_Button_clicked):126] 엑셀 설정 팝업 확인 버튼 선택
[2022-11-28 11:03:24.238][I][AutoBaseFunction.py(wrapper):16] SubWindow.Setup_ExcelSetting : ok_Button_clicked 실행 종료
[2022-11-28 11:03:24.707][I][AutoBaseFunction.py(wrapper):11] SubWindow.Setup_ExcelSetting : reset_Button_clicked 실행 시작
[2022-11-28 11:03:24.707][I][AutoBaseFunction.py(wrapper):12] Parameter : False
[2022-11-28 11:03:24.707][I][Setup_ExcelSetting.py(reset_Button_clicked):112] 엑셀 설정 팝업 확인 버튼 선택
[2022-11-28 11:03:25.297][I][Setup_ExcelSetting.py(reset_Button_clicked):117] 엑셀 설정 초기화 선택
[2022-11-28 11:03:25.297][I][AutoBaseFunction.py(wrapper):16] SubWindow.Setup_ExcelSetting : reset_Button_clicked 실행 종료
[2022-11-28 11:03:25.876][I][AutoBaseFunction.py(wrapper):11] SubWindow.Setup_ExcelSetting : ok_Button_clicked 실행 시작
[2022-11-28 11:03:25.877][I][AutoBaseFunction.py(wrapper):12] Parameter : False
[2022-11-28 11:03:25.877][I][Setup_ExcelSetting.py(ok_Button_clicked):126] 엑셀 설정 팝업 확인 버튼 선택
[2022-11-28 11:03:25.877][I][MainWindow.py(ts_emit):438] 엑셀 설정 팝업 닫힘으로 메인창 활성화
[2022-11-28 11:03:25.881][I][Setup_ExcelSetting.py(ok_Button_clicked):187] 1:평가 목록 팝업에 400 추가
[2022-11-28 11:03:25.883][I][Setup_ExcelSetting.py(ok_Button_clicked):187] 2:평가 목록 팝업에 155 추가
[2022-11-28 11:03:25.884][I][Setup_ExcelSetting.py(ok_Button_clicked):187] 3:평가 목록 팝업에 115 추가
[2022-11-28 11:03:25.887][I][Setup_ExcelSetting.py(ok_Button_clicked):187] 4:평가 목록 팝업에 50 추가
[2022-11-28 11:03:25.889][I][Setup_ExcelSetting.py(ok_Button_clicked):187] 5:평가 목록 팝업에 15 추가
[2022-11-28 11:03:25.891][I][AutoBaseFunction.py(wrapper):16] SubWindow.Setup_ExcelSetting : ok_Button_clicked 실행 종료
[2022-11-28 11:03:27.788][I][AutoBaseFunction.py(wrapper):11] __main__ : closeEvent 실행 시작
[2022-11-28 11:03:27.788][I][AutoBaseFunction.py(wrapper):12] Parameter : <PyQt5.QtGui.QCloseEvent object at 0x000001C649E43DC8>
[2022-11-28 11:03:27.788][I][AutoBaseFunction.py(wrapper):16] __main__ : closeEvent 실행 종료
