[2022-11-28 11:00:44.252][D][LogManager.py(Init):10] LogManager Init function called !!!
[2022-11-28 11:00:44.369][I][AutoBaseFunction.py(wrapper):11] __main__ : setupUi 실행 시작
[2022-11-28 11:00:44.370][I][AutoBaseFunction.py(wrapper):12] Parameter : 
[2022-11-28 11:00:44.373][I][AutoBaseFunction.py(wrapper):11] __main__ : set_field_gridLayout 실행 시작
[2022-11-28 11:00:44.373][I][AutoBaseFunction.py(wrapper):12] Parameter : 
[2022-11-28 11:00:44.398][I][AutoBaseFunction.py(wrapper):16] __main__ : set_field_gridLayout 실행 종료
[2022-11-28 11:00:44.399][I][AutoBaseFunction.py(wrapper):11] __main__ : set_testList_hboxLayout 실행 시작
[2022-11-28 11:00:44.400][I][AutoBaseFunction.py(wrapper):12] Parameter : 
[2022-11-28 11:00:44.627][I][AutoBaseFunction.py(wrapper):16] __main__ : set_testList_hboxLayout 실행 종료
[2022-11-28 11:00:44.630][I][AutoBaseFunction.py(wrapper):16] __main__ : setupUi 실행 종료
[2022-11-28 11:00:46.685][I][AutoBaseFunction.py(wrapper):11] __main__ : show_setup_ExcelSetting 실행 시작
[2022-11-28 11:00:46.685][I][AutoBaseFunction.py(wrapper):12] Parameter : False
[2022-11-28 11:00:46.686][I][AutoBaseFunction.py(wrapper):11] SubWindow.Setup_ExcelSetting : setupUI_Excel_Setting 실행 시작
[2022-11-28 11:00:46.686][I][AutoBaseFunction.py(wrapper):12] Parameter : 
[2022-11-28 11:00:46.687][I][AutoBaseFunction.py(wrapper):11] SubWindow.Setup_ExcelSetting : tl_set_slot 실행 시작
[2022-11-28 11:00:46.687][I][AutoBaseFunction.py(wrapper):12] Parameter : 
[2022-11-28 11:00:46.687][I][AutoBaseFunction.py(wrapper):16] SubWindow.Setup_ExcelSetting : tl_set_slot 실행 종료
[2022-11-28 11:00:46.688][I][AutoBaseFunction.py(wrapper):11] SubWindow.Setup_ExcelSetting : tl_ini_set 실행 시작
[2022-11-28 11:00:46.688][I][AutoBaseFunction.py(wrapper):12] Parameter : 
[2022-11-28 11:00:46.688][I][AutoBaseFunction.py(wrapper):11] SubWindow.Setup_ExcelSetting : excel_ini_set 실행 시작
[2022-11-28 11:00:46.688][I][AutoBaseFunction.py(wrapper):12] Parameter : 
[2022-11-28 11:00:46.693][E][AutoBaseFunction.py(wrapper):19] Traceback (most recent call last):
  File "c:\python\3_7_9x64\lib\_collections_abc.py", line 854, in setdefault
    return self[key]
  File "c:\python\3_7_9x64\lib\configparser.py", line 1251, in __getitem__
    raise KeyError(key)
KeyError: '이미지 가로 크기'

During handling of the above exception, another exception occurred:

Traceback (most recent call last):
  File "d:\test\TestList_CSV\new-main2\Helper\AutoBaseFunction.py", line 15, in wrapper
    func(self, *args)
  File "d:\test\TestList_CSV\new-main2\SubWindow\Setup_ExcelSetting.py", line 107, in excel_ini_set
    self.sp.write_setup(table="Excel_Setting", count=None, val=start_settings[i], val2=start_settings_val[i])
  File "d:\test\TestList_CSV\new-main2\Settings\Setup.py", line 79, in write_setup
    self.config[table].setdefault(f'{val}', val2)
  File "c:\python\3_7_9x64\lib\_collections_abc.py", line 856, in setdefault
    self[key] = default
  File "c:\python\3_7_9x64\lib\configparser.py", line 1255, in __setitem__
    self._parser._validate_value_types(option=key, value=value)
  File "c:\python\3_7_9x64\lib\configparser.py", line 1182, in _validate_value_types
    raise TypeError("option values must be strings")
TypeError: option values must be strings

[2022-11-28 11:00:46.693][I][AutoBaseFunction.py(wrapper):16] SubWindow.Setup_ExcelSetting : tl_ini_set 실행 종료
[2022-11-28 11:00:46.693][I][AutoBaseFunction.py(wrapper):16] SubWindow.Setup_ExcelSetting : setupUI_Excel_Setting 실행 종료
[2022-11-28 11:00:46.703][I][MainWindow.py(show_setup_ExcelSetting):325] 엑셀 설정 팝업 열림
[2022-11-28 11:00:46.703][I][AutoBaseFunction.py(wrapper):16] __main__ : show_setup_ExcelSetting 실행 종료
[2022-11-28 11:00:50.933][I][AutoBaseFunction.py(wrapper):11] SubWindow.Setup_ExcelSetting : ok_Button_clicked 실행 시작
[2022-11-28 11:00:50.933][I][AutoBaseFunction.py(wrapper):12] Parameter : False
[2022-11-28 11:00:50.933][I][Setup_ExcelSetting.py(ok_Button_clicked):126] 엑셀 설정 팝업 확인 버튼 선택
[2022-11-28 11:00:52.136][I][AutoBaseFunction.py(wrapper):16] SubWindow.Setup_ExcelSetting : ok_Button_clicked 실행 종료
[2022-11-28 11:00:56.596][I][AutoBaseFunction.py(wrapper):11] SubWindow.Setup_ExcelSetting : ok_Button_clicked 실행 시작
[2022-11-28 11:00:56.596][I][AutoBaseFunction.py(wrapper):12] Parameter : False
[2022-11-28 11:00:56.596][I][Setup_ExcelSetting.py(ok_Button_clicked):126] 엑셀 설정 팝업 확인 버튼 선택
[2022-11-28 11:00:57.233][I][AutoBaseFunction.py(wrapper):16] SubWindow.Setup_ExcelSetting : ok_Button_clicked 실행 종료
[2022-11-28 11:00:59.804][I][AutoBaseFunction.py(wrapper):11] SubWindow.Setup_ExcelSetting : reset_Button_clicked 실행 시작
[2022-11-28 11:00:59.804][I][AutoBaseFunction.py(wrapper):12] Parameter : False
[2022-11-28 11:00:59.804][I][Setup_ExcelSetting.py(reset_Button_clicked):112] 엑셀 설정 팝업 확인 버튼 선택
[2022-11-28 11:01:01.504][I][Setup_ExcelSetting.py(reset_Button_clicked):117] 엑셀 설정 초기화 선택
[2022-11-28 11:01:01.505][I][AutoBaseFunction.py(wrapper):16] SubWindow.Setup_ExcelSetting : reset_Button_clicked 실행 종료
[2022-11-28 11:01:02.852][I][AutoBaseFunction.py(wrapper):11] SubWindow.Setup_ExcelSetting : ok_Button_clicked 실행 시작
[2022-11-28 11:01:02.852][I][AutoBaseFunction.py(wrapper):12] Parameter : False
[2022-11-28 11:01:02.852][I][Setup_ExcelSetting.py(ok_Button_clicked):126] 엑셀 설정 팝업 확인 버튼 선택
[2022-11-28 11:01:03.480][I][AutoBaseFunction.py(wrapper):16] SubWindow.Setup_ExcelSetting : ok_Button_clicked 실행 종료
[2022-11-28 11:01:04.803][I][AutoBaseFunction.py(wrapper):11] SubWindow.Setup_ExcelSetting : ok_Button_clicked 실행 시작
[2022-11-28 11:01:04.804][I][AutoBaseFunction.py(wrapper):12] Parameter : False
[2022-11-28 11:01:04.804][I][Setup_ExcelSetting.py(ok_Button_clicked):126] 엑셀 설정 팝업 확인 버튼 선택
[2022-11-28 11:01:05.583][I][AutoBaseFunction.py(wrapper):16] SubWindow.Setup_ExcelSetting : ok_Button_clicked 실행 종료
[2022-11-28 11:01:06.540][I][AutoBaseFunction.py(wrapper):11] SubWindow.Setup_ExcelSetting : ok_Button_clicked 실행 시작
[2022-11-28 11:01:06.540][I][AutoBaseFunction.py(wrapper):12] Parameter : False
[2022-11-28 11:01:06.540][I][Setup_ExcelSetting.py(ok_Button_clicked):126] 엑셀 설정 팝업 확인 버튼 선택
[2022-11-28 11:01:07.447][I][AutoBaseFunction.py(wrapper):16] SubWindow.Setup_ExcelSetting : ok_Button_clicked 실행 종료
[2022-11-28 11:01:07.908][I][AutoBaseFunction.py(wrapper):11] SubWindow.Setup_ExcelSetting : reset_Button_clicked 실행 시작
[2022-11-28 11:01:07.908][I][AutoBaseFunction.py(wrapper):12] Parameter : False
[2022-11-28 11:01:07.908][I][Setup_ExcelSetting.py(reset_Button_clicked):112] 엑셀 설정 팝업 확인 버튼 선택
[2022-11-28 11:01:08.599][I][Setup_ExcelSetting.py(reset_Button_clicked):117] 엑셀 설정 초기화 선택
[2022-11-28 11:01:08.599][I][AutoBaseFunction.py(wrapper):16] SubWindow.Setup_ExcelSetting : reset_Button_clicked 실행 종료
[2022-11-28 11:01:09.268][I][AutoBaseFunction.py(wrapper):11] SubWindow.Setup_ExcelSetting : closeEvent 실행 시작
[2022-11-28 11:01:09.268][I][AutoBaseFunction.py(wrapper):12] Parameter : <PyQt5.QtGui.QCloseEvent object at 0x0000025BC52B2DC8>
[2022-11-28 11:01:09.268][I][Setup_ExcelSetting.py(closeEvent):207] 엑셀 설정 팝업 취소 버튼 선택
[2022-11-28 11:01:12.680][I][Setup_ExcelSetting.py(closeEvent):214] 필드 설정 팝업 > 취소 > 변경사항 알림에서 예 선택
[2022-11-28 11:01:12.680][I][MainWindow.py(ts_emit):438] 엑셀 설정 팝업 닫힘으로 메인창 활성화
[2022-11-28 11:01:12.681][I][AutoBaseFunction.py(wrapper):16] SubWindow.Setup_ExcelSetting : closeEvent 실행 종료
